<?xml version="1.0" encoding="UTF-8"?>
<!-- Generated by org.testng.reporters.JUnitXMLReporter -->
<testsuite ignored="0" hostname="NishaAbishek" failures="0" tests="6" name="Test" time="0.265" errors="0" timestamp="2023-07-15T23:12:25 EDT">
  <testcase classname="com.naveenautomationlabs.NaveenAutomationFramework.Tests.MyWishListTest" name="@BeforeMethod setUp" time="0.001">
    <failure type="java.lang.NullPointerException">
      <![CDATA[java.lang.NullPointerException
at com.naveenautomationlabs.NaveenAutomationFramework.base.TestBase.initialisation(TestBase.java:60)
at com.naveenautomationlabs.NaveenAutomationFramework.Tests.MyWishListTest.setUp(MyWishListTest.java:25)
at java.base/java.util.ArrayList.forEach(ArrayList.java:1541)
... Removed 31 stack frames]]>
    </failure>
  </testcase> <!-- @BeforeMethod setUp -->
  <testcase classname="com.naveenautomationlabs.NaveenAutomationFramework.Tests.MyWishListTest" name="@AfterMethod quit" time="-1.689477145399E9">
    <skipped/>
  </testcase> <!-- @AfterMethod quit -->
  <testcase classname="com.naveenautomationlabs.NaveenAutomationFramework.Tests.MyAccountTest" name="@BeforeMethod setUp" time="0.0">
    <failure type="java.lang.NullPointerException">
      <![CDATA[java.lang.NullPointerException
at com.naveenautomationlabs.NaveenAutomationFramework.base.TestBase.initialisation(TestBase.java:60)
at com.naveenautomationlabs.NaveenAutomationFramework.Tests.MyAccountTest.setUp(MyAccountTest.java:24)
at java.base/java.util.ArrayList.forEach(ArrayList.java:1541)
... Removed 31 stack frames]]>
    </failure>
  </testcase> <!-- @BeforeMethod setUp -->
  <testcase classname="com.naveenautomationlabs.NaveenAutomationFramework.Tests.MyAccountTest" name="@AfterMethod quit" time="-1.689477145411E9">
    <skipped/>
  </testcase> <!-- @AfterMethod quit -->
  <testcase classname="com.naveenautomationlabs.NaveenAutomationFramework.Tests.MyAccountTest" name="@BeforeMethod setUp" time="-1.689477145413E9">
    <skipped/>
  </testcase> <!-- @BeforeMethod setUp -->
  <testcase classname="com.naveenautomationlabs.NaveenAutomationFramework.Tests.MyAccountTest" name="@AfterMethod quit" time="-1.689477145417E9">
    <skipped/>
  </testcase> <!-- @AfterMethod quit -->
  <testcase classname="com.naveenautomationlabs.NaveenAutomationFramework.Tests.MyAccountTest" name="@BeforeMethod setUp" time="-1.689477145419E9">
    <skipped/>
  </testcase> <!-- @BeforeMethod setUp -->
  <testcase classname="com.naveenautomationlabs.NaveenAutomationFramework.Tests.MyAccountTest" name="@AfterMethod quit" time="-1.689477145423E9">
    <skipped/>
  </testcase> <!-- @AfterMethod quit -->
  <testcase classname="com.naveenautomationlabs.NaveenAutomationFramework.Tests.MacBookTest" name="@BeforeMethod setUp" time="0.0">
    <failure type="java.lang.NullPointerException">
      <![CDATA[java.lang.NullPointerException
at com.naveenautomationlabs.NaveenAutomationFramework.base.TestBase.initialisation(TestBase.java:60)
at com.naveenautomationlabs.NaveenAutomationFramework.Tests.MacBookTest.setUp(MacBookTest.java:18)
at java.base/java.util.ArrayList.forEach(ArrayList.java:1541)
... Removed 31 stack frames]]>
    </failure>
  </testcase> <!-- @BeforeMethod setUp -->
  <testcase classname="com.naveenautomationlabs.NaveenAutomationFramework.Tests.MacBookTest" name="@AfterMethod quit" time="-1.689477145434E9">
    <skipped/>
  </testcase> <!-- @AfterMethod quit -->
  <testcase classname="com.naveenautomationlabs.NaveenAutomationFramework.Tests.LaptopsAndNotebooksTest" name="@BeforeMethod setUp" time="0.0">
    <failure type="java.lang.NullPointerException">
      <![CDATA[java.lang.NullPointerException
at com.naveenautomationlabs.NaveenAutomationFramework.base.TestBase.initialisation(TestBase.java:60)
at com.naveenautomationlabs.NaveenAutomationFramework.Tests.LaptopsAndNotebooksTest.setUp(LaptopsAndNotebooksTest.java:22)
at java.base/java.util.ArrayList.forEach(ArrayList.java:1541)
... Removed 31 stack frames]]>
    </failure>
  </testcase> <!-- @BeforeMethod setUp -->
  <testcase classname="com.naveenautomationlabs.NaveenAutomationFramework.Tests.LaptopsAndNotebooksTest" name="@AfterMethod quit" time="-1.689477145444E9">
    <skipped/>
  </testcase> <!-- @AfterMethod quit -->
  <testcase classname="com.naveenautomationlabs.NaveenAutomationFramework.Tests.MyWishListTest" name="validateItemsCanRemoveFromWishList" time="0.0">
    <skipped/>
  </testcase> <!-- validateItemsCanRemoveFromWishList -->
  <testcase classname="com.naveenautomationlabs.NaveenAutomationFramework.Tests.MyAccountTest" name="validateLoginToPortalAfterRegistration" time="0.0">
    <skipped/>
  </testcase> <!-- validateLoginToPortalAfterRegistration -->
  <testcase classname="com.naveenautomationlabs.NaveenAutomationFramework.Tests.MyAccountTest" name="validateLoginWithValidCredential" time="0.0">
    <skipped/>
  </testcase> <!-- validateLoginWithValidCredential -->
  <testcase classname="com.naveenautomationlabs.NaveenAutomationFramework.Tests.MyAccountTest" name="validateMyAccountPage" time="0.0">
    <skipped/>
  </testcase> <!-- validateMyAccountPage -->
  <testcase classname="com.naveenautomationlabs.NaveenAutomationFramework.Tests.MacBookTest" name="validateMacBookPage" time="0.0">
    <skipped/>
  </testcase> <!-- validateMacBookPage -->
  <testcase classname="com.naveenautomationlabs.NaveenAutomationFramework.Tests.LaptopsAndNotebooksTest" name="validateWhishListCount" time="0.0">
    <skipped/>
  </testcase> <!-- validateWhishListCount -->
</testsuite> <!-- Test -->
